<?xml version="1.0" encoding="UTF-8"?>
<testng-results skipped="0" failed="0" ignored="0" total="4" passed="4">
  <reporter-output>
  </reporter-output>
  <suite name="Suite" duration-ms="54923" started-at="2020-08-17T06:57:19Z" finished-at="2020-08-17T06:58:14Z">
    <groups>
    </groups>
    <test name="Test" duration-ms="32112" started-at="2020-08-17T06:57:19Z" finished-at="2020-08-17T06:57:51Z">
      <class name="Academy.E2EProject.HomePage">
        <test-method status="PASS" signature="initialize()[pri:0, instance:Academy.E2EProject.HomePage@5700d6b1]" name="initialize" is-config="true" duration-ms="12065" started-at="2020-08-17T06:57:19Z" finished-at="2020-08-17T06:57:31Z">
          <reporter-output>
          </reporter-output>
        </test-method> <!-- initialize -->
        <test-method status="PASS" signature="basePageNavigation(java.lang.String, java.lang.String, java.lang.String)[pri:0, instance:Academy.E2EProject.HomePage@5700d6b1]" name="basePageNavigation" duration-ms="15884" started-at="2020-08-17T06:57:31Z" data-provider="getData" finished-at="2020-08-17T06:57:47Z">
          <params>
            <param index="0">
              <value>
                <![CDATA[nonrestricteduser@qw.com]]>
              </value>
            </param>
            <param index="1">
              <value>
                <![CDATA[123456]]>
              </value>
            </param>
            <param index="2">
              <value>
                <![CDATA[Restrcited User]]>
              </value>
            </param>
          </params>
          <reporter-output>
          </reporter-output>
        </test-method> <!-- basePageNavigation -->
        <test-method status="PASS" signature="basePageNavigation(java.lang.String, java.lang.String, java.lang.String)[pri:0, instance:Academy.E2EProject.HomePage@5700d6b1]" name="basePageNavigation" duration-ms="3210" started-at="2020-08-17T06:57:47Z" data-provider="getData" finished-at="2020-08-17T06:57:50Z">
          <params>
            <param index="0">
              <value>
                <![CDATA[restricteduser@qw.com]]>
              </value>
            </param>
            <param index="1">
              <value>
                <![CDATA[456788]]>
              </value>
            </param>
            <param index="2">
              <value>
                <![CDATA[Non restricted user]]>
              </value>
            </param>
          </params>
          <reporter-output>
          </reporter-output>
        </test-method> <!-- basePageNavigation -->
        <test-method status="PASS" signature="teardown()[pri:0, instance:Academy.E2EProject.HomePage@5700d6b1]" name="teardown" is-config="true" duration-ms="728" started-at="2020-08-17T06:57:50Z" finished-at="2020-08-17T06:57:51Z">
          <reporter-output>
          </reporter-output>
        </test-method> <!-- teardown -->
      </class> <!-- Academy.E2EProject.HomePage -->
    </test> <!-- Test -->
    <test name="Validating title in the Page" duration-ms="9017" started-at="2020-08-17T06:57:51Z" finished-at="2020-08-17T06:58:00Z">
      <class name="Academy.E2EProject.validateTitle">
        <test-method status="PASS" signature="initialize()[pri:0, instance:Academy.E2EProject.validateTitle@6e1ec318]" name="initialize" is-config="true" duration-ms="8597" started-at="2020-08-17T06:57:51Z" finished-at="2020-08-17T06:58:00Z">
          <reporter-output>
          </reporter-output>
        </test-method> <!-- initialize -->
        <test-method status="PASS" signature="validateAppTitle()[pri:0, instance:Academy.E2EProject.validateTitle@6e1ec318]" name="validateAppTitle" duration-ms="177" started-at="2020-08-17T06:58:00Z" finished-at="2020-08-17T06:58:00Z">
          <reporter-output>
          </reporter-output>
        </test-method> <!-- validateAppTitle -->
        <test-method status="PASS" signature="teardown()[pri:0, instance:Academy.E2EProject.validateTitle@6e1ec318]" name="teardown" is-config="true" duration-ms="227" started-at="2020-08-17T06:58:00Z" finished-at="2020-08-17T06:58:00Z">
          <reporter-output>
          </reporter-output>
        </test-method> <!-- teardown -->
      </class> <!-- Academy.E2EProject.validateTitle -->
    </test> <!-- Validating title in the Page -->
    <test name="Validating navigation Bar" duration-ms="13365" started-at="2020-08-17T06:58:00Z" finished-at="2020-08-17T06:58:14Z">
      <class name="Academy.E2EProject.validateNavigationBar">
        <test-method status="PASS" signature="initialize()[pri:0, instance:Academy.E2EProject.validateNavigationBar@544fe44c]" name="initialize" is-config="true" duration-ms="8948" started-at="2020-08-17T06:58:00Z" finished-at="2020-08-17T06:58:09Z">
          <reporter-output>
          </reporter-output>
        </test-method> <!-- initialize -->
        <test-method status="PASS" signature="validateAppNavBar()[pri:0, instance:Academy.E2EProject.validateNavigationBar@544fe44c]" name="validateAppNavBar" duration-ms="189" started-at="2020-08-17T06:58:09Z" finished-at="2020-08-17T06:58:09Z">
          <reporter-output>
          </reporter-output>
        </test-method> <!-- validateAppNavBar -->
        <test-method status="PASS" signature="teardown()[pri:0, instance:Academy.E2EProject.validateNavigationBar@544fe44c]" name="teardown" is-config="true" duration-ms="4219" started-at="2020-08-17T06:58:09Z" finished-at="2020-08-17T06:58:14Z">
          <reporter-output>
          </reporter-output>
        </test-method> <!-- teardown -->
      </class> <!-- Academy.E2EProject.validateNavigationBar -->
    </test> <!-- Validating navigation Bar -->
  </suite> <!-- Suite -->
</testng-results>
